{"G:\\Dev Web\\Formation\\FromScratch-DevWeb\\Javascript\\TpOther\\TpImportExport\\add.js": {"path":"G:\\Dev Web\\Formation\\FromScratch-DevWeb\\Javascript\\TpOther\\TpImportExport\\add.js","statementMap":{"0":{"start":{"line":6,"column":2},"end":{"line":6,"column":15}},"1":{"start":{"line":8,"column":0},"end":{"line":8,"column":25}}},"fnMap":{"0":{"name":"suppNum","decl":{"start":{"line":5,"column":9},"end":{"line":5,"column":16}},"loc":{"start":{"line":5,"column":23},"end":{"line":7,"column":1}},"line":5}},"branchMap":{},"s":{"0":1,"1":1},"f":{"0":1},"b":{},"_coverageSchema":"1a1c01bbd47fc00a2c39e90264f33305004495a9","hash":"4120ec12a576fabc297d33ff75dddd363c941fbc"}
,"G:\\Dev Web\\Formation\\FromScratch-DevWeb\\Javascript\\TpOther\\TpImportExport\\fusionArray.js": {"path":"G:\\Dev Web\\Formation\\FromScratch-DevWeb\\Javascript\\TpOther\\TpImportExport\\fusionArray.js","statementMap":{"0":{"start":{"line":2,"column":2},"end":{"line":2,"column":28}},"1":{"start":{"line":6,"column":2},"end":{"line":6,"column":16}},"2":{"start":{"line":9,"column":0},"end":{"line":9,"column":29}}},"fnMap":{"0":{"name":"fusionArray","decl":{"start":{"line":1,"column":9},"end":{"line":1,"column":20}},"loc":{"start":{"line":1,"column":33},"end":{"line":3,"column":1}},"line":1},"1":{"name":"cloneArray","decl":{"start":{"line":5,"column":9},"end":{"line":5,"column":19}},"loc":{"start":{"line":5,"column":26},"end":{"line":7,"column":1}},"line":5}},"branchMap":{},"s":{"0":2,"1":0,"2":1},"f":{"0":2,"1":0},"b":{},"_coverageSchema":"1a1c01bbd47fc00a2c39e90264f33305004495a9","hash":"637b4f7e0854c907f13498d02ff37f594f7ead81"}
}
